[(6, 194), (13, 2)]
S_2364_00003_00197: 2364: 0.9897959183673469
[(6, 72), (13, 4)]
S_2364_00002_00077: 2364: 0.9473684210526315
[(6, 84), (13, 1)]
S_2364_00001_00086: 2364: 0.9882352941176471
[(7, 86), (13, 2), (3, 1), (4, 1)]
S_6014_00002_00091: 6014: 0.9555555555555556
[(7, 91), (13, 2), (0, 1)]
S_6014_00001_00095: 6014: 0.9680851063829787
[(1, 106), (13, 8)]
S_6045_00001_00115: 6045: 0.9298245614035088
[(1, 177), (13, 4), (0, 2)]
S_6045_00002_00184: 6045: 0.9672131147540983
[(2, 98)]
S_6201_00002_00099: 6201: 1.0
[(2, 85), (13, 1)]
S_6201_00003_00087: 6201: 0.9883720930232558
[(2, 296), (13, 4)]
S_6201_00001_00301: 6201: 0.9866666666666667
[(3, 88), (13, 5), (7, 1)]
S_5093_00001_00095: 5093: 0.9361702127659575
[(3, 78), (13, 3), (7, 1)]
S_5093_00002_00083: 5093: 0.9512195121951219
[(4, 84), (13, 5), (6, 4)]
S_6156_00001_00094: 6156: 0.9032258064516129
[(4, 75), (13, 4), (3, 1)]
S_6156_00003_00081: 6156: 0.9375
[(4, 85)]
S_6156_00002_00086: 6156: 1.0
[(5, 85), (13, 1)]
S_5096_00002_00087: 5096: 0.9883720930232558
[(5, 93), (13, 3)]
S_5096_00001_00097: 5096: 0.96875
[(0, 381), (13, 13), (4, 3)]
S_5074_00003_00398: 5074: 0.9596977329974811
[(0, 103), (13, 1)]
S_5074_00001_00105: 5074: 0.9903846153846154
[(0, 178), (13, 7)]
S_5074_00002_00186: 5074: 0.9621621621621622
[(10, 295)]
S_9001_00003_00296: 9001: 1.0
[(10, 129)]
S_9001_00002_00130: 9001: 1.0
[(10, 770)]
S_9001_00005_00771: 9001: 1.0
[(10, 22)]
S_9001_00001_00023: 9001: 1.0
[(10, 427)]
S_9001_00004_00428: 9001: 1.0
[(11, 834)]
S_9003_00003_00835: 9003: 1.0
[(11, 331)]
S_9003_00002_00466: 9003: 1.0
[(11, 651)]
S_9003_00004_00652: 9003: 1.0
[(11, 374)]
S_9003_00001_00413: 9003: 1.0
[(12, 350)]
S_9002_00001_00351: 9002: 1.0
[(12, 356)]
S_9002_00004_00357: 9002: 1.0
[(12, 451)]
S_9002_00002_00452: 9002: 1.0
[(12, 220)]
S_9002_00003_00221: 9002: 1.0
[(9, 2045)]
S_0638_00016_02046: 0638: 1.0
[(9, 102)]
S_0638_00001_00103: 0638: 1.0
[(9, 1367)]
S_0638_00015_01368: 0638: 1.0
[(9, 1037), (13, 2)]
S_0638_00021_01040: 0638: 0.9980750721847931
[(9, 1102)]
S_0638_00022_01103: 0638: 1.0
[(9, 1280)]
S_0638_00012_01281: 0638: 1.0
[(9, 1379)]
S_0638_00013_01380: 0638: 1.0
[(9, 2045)]
S_0638_00009_02046: 0638: 1.0
[(9, 669), (13, 367), (8, 162)]
S_0638_00023_01199: 0638: 0.5584307178631052
[(9, 2044), (13, 1)]
S_0638_00017_02046: 0638: 0.9995110024449878
[(9, 725), (13, 374), (8, 210)]
S_0638_00025_01310: 0638: 0.5538579067990833
[(9, 993)]
S_0638_00020_00994: 0638: 1.0
[(9, 1393)]
S_0638_00014_01394: 0638: 1.0
[(9, 2045)]
S_0638_00005_02046: 0638: 1.0
[(9, 759), (13, 377), (8, 211)]
S_0638_00024_01348: 0638: 0.5634743875278396
[(9, 2045)]
S_0638_00008_02046: 0638: 1.0
[(9, 100), (13, 1)]
S_0638_00003_00102: 0638: 0.9900990099009901
[(9, 2045)]
S_0638_00019_02046: 0638: 1.0
[(9, 2045)]
S_0638_00006_02046: 0638: 1.0
[(9, 1308)]
S_0638_00010_01309: 0638: 1.0
[(9, 101), (13, 1)]
S_0638_00002_00103: 0638: 0.9901960784313726
[(9, 1291)]
S_0638_00011_01292: 0638: 1.0
[(9, 2044), (13, 1)]
S_0638_00018_02046: 0638: 0.9995110024449878
[(9, 2045)]
S_0638_00007_02046: 0638: 1.0
[(9, 102)]
S_0638_00004_00103: 0638: 1.0
[(8, 639)]
S_0637_00009_00640: 0637: 1.0
[(8, 1064), (13, 6)]
S_0637_00017_01071: 0637: 0.994392523364486
[(9, 650), (13, 401), (8, 295)]
S_0637_00020_01347: 0638: 0.48291233283803864
[(8, 811)]
S_0637_00003_00812: 0637: 1.0
[(8, 1364), (13, 1)]
S_0637_00023_01366: 0637: 0.9992673992673993
[(8, 643)]
S_0637_00010_00644: 0637: 1.0
[(8, 667)]
S_0637_00011_00668: 0637: 1.0
[(8, 809), (13, 2)]
S_0637_00004_00812: 0637: 0.9975339087546239
[(8, 1309)]
S_0637_00025_01310: 0637: 1.0
[(8, 1198)]
S_0637_00022_01199: 0637: 1.0
[(8, 2044), (13, 1)]
S_0637_00008_02046: 0637: 0.9995110024449878
[(8, 1404)]
S_0637_00024_01405: 0637: 1.0
[(8, 2045)]
S_0637_00005_02046: 0637: 1.0
[(8, 670)]
S_0637_00012_00671: 0637: 1.0
[(8, 1118)]
S_0637_00018_01119: 0637: 1.0
[(8, 993)]
S_0637_00016_00994: 0637: 1.0
[(8, 2045)]
S_0637_00014_02046: 0637: 1.0
[(8, 741)]
S_0637_00001_00742: 0637: 1.0
[(9, 601), (13, 372), (8, 225)]
S_0637_00019_01199: 0638: 0.501669449081803
[(8, 2045)]
S_0637_00006_02046: 0637: 1.0
[(8, 681)]
S_0637_00013_00682: 0637: 1.0
[(8, 879), (13, 1)]
S_0637_00002_00881: 0637: 0.9988636363636364
[(8, 2045)]
S_0637_00015_02046: 0637: 1.0
[(9, 647), (13, 405), (8, 258)]
S_0637_00021_01311: 0638: 0.49389312977099237
[(8, 2045)]
S_0637_00007_02046: 0637: 1.0